This is pdfTeX, Version 3.1415926-2.4-1.40.13 (MiKTeX 2.9) (preloaded format=pdflatex 2012.8.7)  7 AUG 2012 10:32
entering extended mode
**D:/Users/DV7Gray/Documents/00.TCC.ABNTex/03-UNISINOSmonografia_v0.2/TCC.Proje
toFinal.Monografia.tex

(D:/Users/DV7Gray/Documents/00.TCC.ABNTex/03-UNISINOSmonografia_v0.2/TCC.Projet
oFinal.Monografia.tex
LaTeX2e <2011/06/27>
Babel <v3.8m> and hyphenation patterns for english, afrikaans, ancientgreek, ar
abic, armenian, assamese, basque, bengali, bokmal, bulgarian, catalan, coptic, 
croatian, czech, danish, dutch, esperanto, estonian, farsi, finnish, french, ga
lician, german, german-x-2012-05-30, greek, gujarati, hindi, hungarian, iceland
ic, indonesian, interlingua, irish, italian, kannada, kurmanji, latin, latvian,
 lithuanian, malayalam, marathi, mongolian, mongolianlmc, monogreek, ngerman, n
german-x-2012-05-30, nynorsk, oriya, panjabi, pinyin, polish, portuguese, roman
ian, russian, sanskrit, serbian, slovak, slovenian, spanish, swedish, swissgerm
an, tamil, telugu, turkish, turkmen, ukenglish, ukrainian, uppersorbian, usengl
ishmax, welsh, loaded.

(D:\Users\DV7Gray\Documents\00.TCC.ABNTex\03-UNISINOSmonografia_v0.2\UNISINOSmo
nografia.cls
Document Class: UNISINOSmonografia 2011/06/23 v0.1 Monografias da UNISINOS
("C:\App\MiKTeX 2.9\tex\latex\base\report.cls"
Document Class: report 2007/10/19 v1.4h Standard LaTeX document class
("C:\App\MiKTeX 2.9\tex\latex\base\size12.clo"
File: size12.clo 2007/10/19 v1.4h Standard LaTeX file (size option)
)
\c@part=\count79
\c@chapter=\count80
\c@section=\count81
\c@subsection=\count82
\c@subsubsection=\count83
\c@paragraph=\count84
\c@subparagraph=\count85
\c@figure=\count86
\c@table=\count87
\abovecaptionskip=\skip41
\belowcaptionskip=\skip42
\bibindent=\dimen102
)
("C:\App\MiKTeX 2.9\tex\generic\babel\babel.sty"
Package: babel 2008/07/08 v3.8m The Babel package

*************************************
* Local config file bblopts.cfg used
*
("C:\App\MiKTeX 2.9\tex\latex\00miktex\bblopts.cfg"
File: bblopts.cfg 2006/07/31 v1.0 MiKTeX 'babel' configuration
)
("C:\App\MiKTeX 2.9\tex\generic\babel\english.ldf"
Language: english 2005/03/30 v3.3o English support from the babel system

("C:\App\MiKTeX 2.9\tex\generic\babel\babel.def"
File: babel.def 2008/07/08 v3.8m Babel common definitions
\babel@savecnt=\count88
\U@D=\dimen103
)
\l@canadian = a dialect from \language\l@american 
\l@australian = a dialect from \language\l@british 
\l@newzealand = a dialect from \language\l@british 
)
("C:\App\MiKTeX 2.9\tex\generic\babel\portuges.ldf"
Language: portuges 2008/03/18 v1.2q Portuguese support from the babel system
\l@brazilian = a dialect from \language\l@portuges 
Package babel Info: Making " an active character on input line 145.
))
("C:\App\MiKTeX 2.9\tex\latex\psnfss\times.sty"
Package: times 2005/04/12 PSNFSS-v9.2a (SPQR) 
)
("C:\App\MiKTeX 2.9\tex\latex\tools\indentfirst.sty"
Package: indentfirst 1995/11/23 v1.03 Indent first paragraph (DPC)
)
("C:\App\MiKTeX 2.9\tex\latex\setspace\setspace.sty"
Package: setspace 2011/12/19 v6.7a set line spacing
)
("C:\App\MiKTeX 2.9\tex\latex\lastpage\lastpage.sty"
Package: lastpage 2011/09/01 v1.2k Refers to last page's name (HMM; JPG)
)
\c@@kwi=\count89
\c@alineas=\count90
LaTeX Info: Redefining \appendix on input line 334.
LaTeX Info: Redefining \section on input line 593.
LaTeX Info: Redefining \subsection on input line 597.
LaTeX Info: Redefining \subsubsection on input line 601.
LaTeX Info: Redefining \paragraph on input line 605.
LaTeX Info: Redefining \subparagraph on input line 609.
\@chapnumindent=\skip43
)
("C:\App\MiKTeX 2.9\tex\latex\base\fontenc.sty"
Package: fontenc 2005/09/27 v1.99g Standard LaTeX package

("C:\App\MiKTeX 2.9\tex\latex\base\t1enc.def"
File: t1enc.def 2005/09/27 v1.99g Standard LaTeX file
LaTeX Font Info:    Redeclaring font encoding T1 on input line 43.
))
("C:\App\MiKTeX 2.9\tex\latex\graphics\graphicx.sty"
Package: graphicx 1999/02/16 v1.0f Enhanced LaTeX Graphics (DPC,SPQR)

("C:\App\MiKTeX 2.9\tex\latex\graphics\keyval.sty"
Package: keyval 1999/03/16 v1.13 key=value parser (DPC)
\KV@toks@=\toks14
)
("C:\App\MiKTeX 2.9\tex\latex\graphics\graphics.sty"
Package: graphics 2009/02/05 v1.0o Standard LaTeX Graphics (DPC,SPQR)

("C:\App\MiKTeX 2.9\tex\latex\graphics\trig.sty"
Package: trig 1999/03/16 v1.09 sin cos tan (DPC)
)
("C:\App\MiKTeX 2.9\tex\latex\00miktex\graphics.cfg"
File: graphics.cfg 2007/01/18 v1.5 graphics configuration of teTeX/TeXLive
)
Package graphics Info: Driver file: pdftex.def on input line 91.

("C:\App\MiKTeX 2.9\tex\latex\pdftex-def\pdftex.def"
File: pdftex.def 2011/05/27 v0.06d Graphics/color for pdfTeX

("C:\App\MiKTeX 2.9\tex\generic\oberdiek\infwarerr.sty"
Package: infwarerr 2010/04/08 v1.3 Providing info/warning/error messages (HO)
)
("C:\App\MiKTeX 2.9\tex\generic\oberdiek\ltxcmds.sty"
Package: ltxcmds 2011/11/09 v1.22 LaTeX kernel commands for general use (HO)
)
\Gread@gobject=\count91
))
\Gin@req@height=\dimen104
\Gin@req@width=\dimen105
)
("C:\App\MiKTeX 2.9\tex\latex\natbib\bibentry.sty"
Package: bibentry 2007/10/30 1.5 (PWD)
)
("C:\App\MiKTeX 2.9\tex\latex\natbib\natbib.sty"
Package: natbib 2010/09/13 8.31b (PWD, AO)
\bibhang=\skip44
\bibsep=\skip45
LaTeX Info: Redefining \cite on input line 694.
\c@NAT@ctr=\count92
)
("C:\App\MiKTeX 2.9\tex\latex\lm\lmodern.sty"
Package: lmodern 2009/10/30 v1.6 Latin Modern Fonts
LaTeX Font Info:    Overwriting symbol font `operators' in version `normal'
(Font)                  OT1/cmr/m/n --> OT1/lmr/m/n on input line 22.
LaTeX Font Info:    Overwriting symbol font `letters' in version `normal'
(Font)                  OML/cmm/m/it --> OML/lmm/m/it on input line 23.
LaTeX Font Info:    Overwriting symbol font `symbols' in version `normal'
(Font)                  OMS/cmsy/m/n --> OMS/lmsy/m/n on input line 24.
LaTeX Font Info:    Overwriting symbol font `largesymbols' in version `normal'
(Font)                  OMX/cmex/m/n --> OMX/lmex/m/n on input line 25.
LaTeX Font Info:    Overwriting symbol font `operators' in version `bold'
(Font)                  OT1/cmr/bx/n --> OT1/lmr/bx/n on input line 26.
LaTeX Font Info:    Overwriting symbol font `letters' in version `bold'
(Font)                  OML/cmm/b/it --> OML/lmm/b/it on input line 27.
LaTeX Font Info:    Overwriting symbol font `symbols' in version `bold'
(Font)                  OMS/cmsy/b/n --> OMS/lmsy/b/n on input line 28.
LaTeX Font Info:    Overwriting symbol font `largesymbols' in version `bold'
(Font)                  OMX/cmex/m/n --> OMX/lmex/m/n on input line 29.
LaTeX Font Info:    Overwriting math alphabet `\mathbf' in version `normal'
(Font)                  OT1/cmr/bx/n --> OT1/lmr/bx/n on input line 31.
LaTeX Font Info:    Overwriting math alphabet `\mathsf' in version `normal'
(Font)                  OT1/cmss/m/n --> OT1/lmss/m/n on input line 32.
LaTeX Font Info:    Overwriting math alphabet `\mathit' in version `normal'
(Font)                  OT1/cmr/m/it --> OT1/lmr/m/it on input line 33.
LaTeX Font Info:    Overwriting math alphabet `\mathtt' in version `normal'
(Font)                  OT1/cmtt/m/n --> OT1/lmtt/m/n on input line 34.
LaTeX Font Info:    Overwriting math alphabet `\mathbf' in version `bold'
(Font)                  OT1/cmr/bx/n --> OT1/lmr/bx/n on input line 35.
LaTeX Font Info:    Overwriting math alphabet `\mathsf' in version `bold'
(Font)                  OT1/cmss/bx/n --> OT1/lmss/bx/n on input line 36.
LaTeX Font Info:    Overwriting math alphabet `\mathit' in version `bold'
(Font)                  OT1/cmr/bx/it --> OT1/lmr/bx/it on input line 37.
LaTeX Font Info:    Overwriting math alphabet `\mathtt' in version `bold'
(Font)                  OT1/cmtt/m/n --> OT1/lmtt/m/n on input line 38.
)
("C:\App\MiKTeX 2.9\tex\latex\tools\array.sty"
Package: array 2008/09/09 v2.4c Tabular extension package (FMi)
\col@sep=\dimen106
\extrarowheight=\dimen107
\NC@list=\toks15
\extratabsurround=\skip46
\backup@length=\skip47
)
("C:\App\MiKTeX 2.9\tex\latex\booktabs\booktabs.sty"
Package: booktabs 2005/04/14 v1.61803 publication quality tables
\heavyrulewidth=\dimen108
\lightrulewidth=\dimen109
\cmidrulewidth=\dimen110
\belowrulesep=\dimen111
\belowbottomsep=\dimen112
\aboverulesep=\dimen113
\abovetopsep=\dimen114
\cmidrulesep=\dimen115
\cmidrulekern=\dimen116
\defaultaddspace=\dimen117
\@cmidla=\count93
\@cmidlb=\count94
\@aboverulesep=\dimen118
\@belowrulesep=\dimen119
\@thisruleclass=\count95
\@lastruleclass=\count96
\@thisrulewidth=\dimen120
)
("C:\App\MiKTeX 2.9\tex\latex\xcolor\xcolor.sty"
Package: xcolor 2007/01/21 v2.11 LaTeX color extensions (UK)

("C:\App\MiKTeX 2.9\tex\latex\00miktex\color.cfg"
File: color.cfg 2007/01/18 v1.5 color configuration of teTeX/TeXLive
)
Package xcolor Info: Driver file: pdftex.def on input line 225.

("C:\App\MiKTeX 2.9\tex\latex\colortbl\colortbl.sty"
Package: colortbl 2001/02/13 v0.1j Color table columns (DPC)
\everycr=\toks16
\minrowclearance=\skip48
)
\rownum=\count97
Package xcolor Info: Model `cmy' substituted by `cmy0' on input line 1337.
Package xcolor Info: Model `hsb' substituted by `rgb' on input line 1341.
Package xcolor Info: Model `RGB' extended on input line 1353.
Package xcolor Info: Model `HTML' substituted by `rgb' on input line 1355.
Package xcolor Info: Model `Hsb' substituted by `hsb' on input line 1356.
Package xcolor Info: Model `tHsb' substituted by `hsb' on input line 1357.
Package xcolor Info: Model `HSB' substituted by `hsb' on input line 1358.
Package xcolor Info: Model `Gray' substituted by `gray' on input line 1359.
Package xcolor Info: Model `wave' substituted by `hsb' on input line 1360.
)
("C:\App\MiKTeX 2.9\tex\latex\ltxmisc\url.sty"
\Urlmuskip=\muskip10
Package: url 2006/04/12  ver 3.3  Verb mode for urls, etc.
)
("C:\App\MiKTeX 2.9\tex\latex\base\makeidx.sty"
Package: makeidx 2000/03/29 v1.0m Standard LaTeX package
)
\c@@kwbrazilian=\count98
\c@@kwenglish=\count99

(D:\Users\DV7Gray\Documents\00.TCC.ABNTex\03-UNISINOSmonografia_v0.2\TCC.Projet
oFinal.Monografia.aux)
LaTeX Font Info:    Checking defaults for OML/cmm/m/it on input line 103.
LaTeX Font Info:    ... okay on input line 103.
LaTeX Font Info:    Checking defaults for T1/cmr/m/n on input line 103.
LaTeX Font Info:    ... okay on input line 103.
LaTeX Font Info:    Checking defaults for OT1/cmr/m/n on input line 103.
LaTeX Font Info:    ... okay on input line 103.
LaTeX Font Info:    Checking defaults for OMS/cmsy/m/n on input line 103.
LaTeX Font Info:    ... okay on input line 103.
LaTeX Font Info:    Checking defaults for OMX/cmex/m/n on input line 103.
LaTeX Font Info:    ... okay on input line 103.
LaTeX Font Info:    Checking defaults for U/cmr/m/n on input line 103.
LaTeX Font Info:    ... okay on input line 103.
LaTeX Font Info:    Try loading font information for T1+lmr on input line 103.
 ("C:\App\MiKTeX 2.9\tex\latex\lm\t1lmr.fd"
File: t1lmr.fd 2009/10/30 v1.6 Font defs for Latin Modern
)
Package lastpage Info: Please have a look at the pageslts package at
(lastpage)             http://www.ctan.org/tex-archive/ 
(lastpage)             macros/latex/contrib/pageslts/ 
(lastpage)             or
(lastpage)             http://www.ctan.org/tex-archive/ 
(lastpage)             install/macros/latex/contrib/pageslts.tds.zip
(lastpage)             ! on input line 103.

("C:\App\MiKTeX 2.9\tex\context\base\supp-pdf.mkii"
[Loading MPS to PDF converter (version 2006.09.02).]
\scratchcounter=\count100
\scratchdimen=\dimen121
\scratchbox=\box26
\nofMPsegments=\count101
\nofMParguments=\count102
\everyMPshowfont=\toks17
\MPscratchCnt=\count103
\MPscratchDim=\dimen122
\MPnumerator=\count104
\makeMPintoPDFobject=\count105
\everyMPtoPDFconversion=\toks18
)
Underfull \vbox (badness 10000) detected at line 104
 []

[1

{C:/ProgramData/MiKTeX/2.9/pdftex/config/pdftex.map}] [2

]
LaTeX Font Info:    Try loading font information for OT1+lmr on input line 105.


("C:\App\MiKTeX 2.9\tex\latex\lm\ot1lmr.fd"
File: ot1lmr.fd 2009/10/30 v1.6 Font defs for Latin Modern
)
LaTeX Font Info:    Try loading font information for OML+lmm on input line 105.


("C:\App\MiKTeX 2.9\tex\latex\lm\omllmm.fd"
File: omllmm.fd 2009/10/30 v1.6 Font defs for Latin Modern
)
LaTeX Font Info:    Try loading font information for OMS+lmsy on input line 105
.

("C:\App\MiKTeX 2.9\tex\latex\lm\omslmsy.fd"
File: omslmsy.fd 2009/10/30 v1.6 Font defs for Latin Modern
)
LaTeX Font Info:    Try loading font information for OMX+lmex on input line 105
.

("C:\App\MiKTeX 2.9\tex\latex\lm\omxlmex.fd"
File: omxlmex.fd 2009/10/30 v1.6 Font defs for Latin Modern
)
LaTeX Font Info:    External font `lmex10' loaded for size
(Font)              <12> on input line 105.
LaTeX Font Info:    External font `lmex10' loaded for size
(Font)              <8> on input line 105.
LaTeX Font Info:    External font `lmex10' loaded for size
(Font)              <6> on input line 105.
 [1] [2

] [3] [4

]
LaTeX Font Info:    Try loading font information for T1+lmss on input line 127.


("C:\App\MiKTeX 2.9\tex\latex\lm\t1lmss.fd"
File: t1lmss.fd 2009/10/30 v1.6 Font defs for Latin Modern
) [5] [6

] [7] [8

] [9] [10

]
Overfull \hbox (38.70766pt too wide) in paragraph at lines 169--219
\T1/lmr/bx/n/12 Keywords: \T1/lmr/m/n/12 UNISI-NOS. ABNT. L[]T[]X. Doc-u-ment t
ype-set-ting.                                  [][][][] 
 []

[11] [12

]
(D:\Users\DV7Gray\Documents\00.TCC.ABNTex\03-UNISINOSmonografia_v0.2\TCC.Projet
oFinal.Monografia.toc
LaTeX Font Info:    Font shape `T1/lmss/bx/it' in size <12> not available
(Font)              Font shape `T1/lmss/bx/sl' tried instead on input line 8.
LaTeX Font Info:    Font shape `T1/lmss/m/it' in size <12> not available
(Font)              Font shape `T1/lmss/m/sl' tried instead on input line 16.
)
\tf@toc=\write3
 [13] [14

]
LaTeX Font Info:    External font `lmex10' loaded for size
(Font)              <10> on input line 241.
LaTeX Font Info:    External font `lmex10' loaded for size
(Font)              <7> on input line 241.
LaTeX Font Info:    External font `lmex10' loaded for size
(Font)              <5> on input line 241.

Underfull \vbox (badness 10000) has occurred while \output is active []

 [15]
[16]
Underfull \hbox (badness 10000) in paragraph at lines 253--267

 []

<./Images/Cronograma.jpg, id=70, 517.935pt x 383.93437pt>
File: ./Images/Cronograma.jpg Graphic file (type jpg)

<use ./Images/Cronograma.jpg>
Package pdftex.def Info: ./Images/Cronograma.jpg used on input line 274.
(pdftex.def)             Requested size: 455.24411pt x 337.47662pt.


LaTeX Warning: `h' float specifier changed to `ht'.

[17

] [18 <D:/Users/DV7Gray/Documents/00.TCC.ABNTex/03-UNISINOSmonografia_v0.2/Imag
es/Cronograma.jpg>]
Underfull \hbox (badness 10000) in paragraph at lines 290--295

 []


Underfull \hbox (badness 10000) in paragraph at lines 290--295

 []

LaTeX Font Info:    Try loading font information for OMS+lmr on input line 308.

("C:\App\MiKTeX 2.9\tex\latex\lm\omslmr.fd"
File: omslmr.fd 2009/10/30 v1.6 Font defs for Latin Modern
)
LaTeX Font Info:    Font shape `OMS/lmr/m/n' in size <12> not available
(Font)              Font shape `OMS/lmsy/m/n' tried instead on input line 308.

Underfull \hbox (badness 10000) in paragraph at lines 346--350

 []


Underfull \vbox (badness 1502) has occurred while \output is active []

 [19

]
Underfull \hbox (badness 10000) in paragraph at lines 351--355

 []


Underfull \hbox (badness 10000) in paragraph at lines 351--355

 []


Underfull \hbox (badness 10000) in paragraph at lines 365--376

 []


Underfull \hbox (badness 10000) in paragraph at lines 365--376

 []

[20] <./Images/ImgIaaSxPaaSxSaaS.jpg, id=86, 488.57532pt x 216.05719pt>
File: ./Images/ImgIaaSxPaaSxSaaS.jpg Graphic file (type jpg)

<use ./Images/ImgIaaSxPaaSxSaaS.jpg>
Package pdftex.def Info: ./Images/ImgIaaSxPaaSxSaaS.jpg used on input line 390.

(pdftex.def)             Requested size: 227.62206pt x 100.66005pt.

Underfull \hbox (badness 10000) in paragraph at lines 377--402

 []


Underfull \hbox (badness 10000) in paragraph at lines 377--402

 []


Underfull \hbox (badness 10000) in paragraph at lines 377--402

 []

[21 <D:/Users/DV7Gray/Documents/00.TCC.ABNTex/03-UNISINOSmonografia_v0.2/Images
/ImgIaaSxPaaSxSaaS.jpg>]
Underfull \hbox (badness 10000) in paragraph at lines 427--430

 []


Underfull \hbox (badness 10000) in paragraph at lines 427--430

 []

[22] <./Images/Ex01Public-Cloud.png, id=93, 383.93437pt x 343.2825pt>
File: ./Images/Ex01Public-Cloud.png Graphic file (type png)

<use ./Images/Ex01Public-Cloud.png>
Package pdftex.def Info: ./Images/Ex01Public-Cloud.png used on input line 503.
(pdftex.def)             Requested size: 227.62206pt x 203.5249pt.

<./Images/Ex03Private-Cloud.png, id=94, 313.9228pt x 346.29375pt>
File: ./Images/Ex03Private-Cloud.png Graphic file (type png)

<use ./Images/Ex03Private-Cloud.png>
Package pdftex.def Info: ./Images/Ex03Private-Cloud.png used on input line 518.

(pdftex.def)             Requested size: 227.62206pt x 251.09087pt.


LaTeX Warning: `h' float specifier changed to `ht'.

[23 <D:/Users/DV7Gray/Documents/00.TCC.ABNTex/03-UNISINOSmonografia_v0.2/Images
/Ex01Public-Cloud.png>]
<./Images/Ex02Community-Cloud.png, id=99, 353.82187pt x 344.03531pt>
File: ./Images/Ex02Community-Cloud.png Graphic file (type png)

<use ./Images/Ex02Community-Cloud.png>
Package pdftex.def Info: ./Images/Ex02Community-Cloud.png used on input line 57
0.
(pdftex.def)             Requested size: 227.62206pt x 221.32625pt.


LaTeX Warning: `h' float specifier changed to `ht'.


Underfull \vbox (badness 1028) has occurred while \output is active []

 [24 <D:/Users/DV7Gray/Documents/00.TCC.ABNTex/03-UNISINOSmonografia_v0.2/Image
s/Ex03Private-Cloud.png>]
Underfull \hbox (badness 10000) in paragraph at lines 602--616

 []


Underfull \hbox (badness 10000) in paragraph at lines 602--616

 []

[25 <D:/Users/DV7Gray/Documents/00.TCC.ABNTex/03-UNISINOSmonografia_v0.2/Images
/Ex02Community-Cloud.png>] [26] [27] [28] [29

] [30] [31] [32]
<./Images/BaseDoMPT.png, id=129, 450.18187pt x 238.64156pt>
File: ./Images/BaseDoMPT.png Graphic file (type png)

<use ./Images/BaseDoMPT.png>
Package pdftex.def Info: ./Images/BaseDoMPT.png used on input line 869.
(pdftex.def)             Requested size: 409.71692pt x 217.20056pt.


LaTeX Warning: `h' float specifier changed to `ht'.


LaTeX Warning: Reference `tab:PraticasMPT' on page 33 undefined on input line 9
09.

[33] [34 <D:/Users/DV7Gray/Documents/00.TCC.ABNTex/03-UNISINOSmonografia_v0.2/I
mages/BaseDoMPT.png>]
<./Images/ImgTmmiLevelKeyProcess.png, id=136, 349.305pt x 241.65282pt>
File: ./Images/ImgTmmiLevelKeyProcess.png Graphic file (type png)

<use ./Images/ImgTmmiLevelKeyProcess.png>
Package pdftex.def Info: ./Images/ImgTmmiLevelKeyProcess.png used on input line
 1116.
(pdftex.def)             Requested size: 409.71692pt x 283.46274pt.


LaTeX Warning: `h' float specifier changed to `ht'.

[35] [36 <D:/Users/DV7Gray/Documents/00.TCC.ABNTex/03-UNISINOSmonografia_v0.2/I
mages/ImgTmmiLevelKeyProcess.png>]
Underfull \vbox (badness 4621) has occurred while \output is active []

 [37]
[38] <./Images/imgMaturityMatrix.png, id=150, 500.62032pt x 308.65312pt>
File: ./Images/imgMaturityMatrix.png Graphic file (type png)

<use ./Images/imgMaturityMatrix.png>
Package pdftex.def Info: ./Images/imgMaturityMatrix.png used on input line 1307
.
(pdftex.def)             Requested size: 409.71692pt x 252.6168pt.

<./Images/imgMaturityMatrixComplete.png, id=151, 687.31781pt x 325.96782pt>
File: ./Images/imgMaturityMatrixComplete.png Graphic file (type png)

<use ./Images/imgMaturityMatrixComplete.png>
Package pdftex.def Info: ./Images/imgMaturityMatrixComplete.png used on input l
ine 1321.
(pdftex.def)             Requested size: 409.71692pt x 194.30888pt.


LaTeX Warning: `h' float specifier changed to `ht'.

[39 <D:/Users/DV7Gray/Documents/00.TCC.ABNTex/03-UNISINOSmonografia_v0.2/Images
/imgMaturityMatrix.png>] [40 <D:/Users/DV7Gray/Documents/00.TCC.ABNTex/03-UNISI
NOSmonografia_v0.2/Images/imgMaturityMatrixComplete.png>]
Underfull \hbox (badness 10000) in paragraph at lines 1388--1390

 []


Underfull \hbox (badness 10000) in paragraph at lines 1392--1394

 []

[41

]
Underfull \hbox (badness 10000) in paragraph at lines 1413--1418

 []

[42]
Underfull \hbox (badness 10000) in paragraph at lines 1426--1428

 []


Underfull \hbox (badness 10000) in paragraph at lines 1436--1438

 []


Underfull \hbox (badness 10000) in paragraph at lines 1440--1444

 []


(D:\Users\DV7Gray\Documents\00.TCC.ABNTex\03-UNISINOSmonografia_v0.2\TCC.Projet
oFinal.Monografia.bbl [43] [44

]
Underfull \hbox (badness 10000) detected at line 3
[][]
 []


Underfull \hbox (badness 10000) detected at line 6
[][]
 []


Underfull \hbox (badness 10000) detected at line 10
[][]
 []


Underfull \hbox (badness 10000) detected at line 14
[][]
 []

LaTeX Font Info:    Try loading font information for T1+lmtt on input line 16.
("C:\App\MiKTeX 2.9\tex\latex\lm\t1lmtt.fd"
File: t1lmtt.fd 2009/10/30 v1.6 Font defs for Latin Modern
)
Overfull \hbox (122.28816pt too wide) in paragraph at lines 14--17
\T1/lmtt/m/n/12 http://www.havemacwillblog.com/2008/06/everything-as-a-service-
the-growth-of-cloud-computing/\T1/lmr/m/n/12 .  
 []


Underfull \hbox (badness 10000) detected at line 18
[][]
 []


Overfull \hbox (153.17018pt too wide) in paragraph at lines 18--22
\T1/lmtt/m/n/12 http://www.silverlighthack.com/post/2011/02/27/IaaS-PaaS-and-Sa
aS-Terms-Explained-and-Defined.aspx\T1/lmr/m/n/12 , 
 []


Underfull \hbox (badness 10000) detected at line 23
[][]
 []


Underfull \hbox (badness 10000) detected at line 27
[][]
 []

LaTeX Font Info:    Font shape `OMS/lmr/m/n' in size <8> not available
(Font)              Font shape `OMS/lmsy/m/n' tried instead on input line 30.

Overfull \hbox (134.64517pt too wide) in paragraph at lines 27--31
\T1/lmtt/m/n/12 http://pronus.eng.br/artigos_tutoriais/processo_desenvolvimento
/melhoria_processo.php?pagNum=0/\T1/lmr/m/n/12 , 
 []


Underfull \hbox (badness 10000) detected at line 32
[][]
 []


Underfull \hbox (badness 10000) detected at line 37
[][]
 []


Underfull \hbox (badness 10000) detected at line 40
[][]
 []


Underfull \hbox (badness 10000) detected at line 44
[][]
 []


Underfull \hbox (badness 10000) detected at line 47
[][]
 []


Underfull \hbox (badness 10000) detected at line 51
[][]
 []


Underfull \hbox (badness 10000) detected at line 55
[][]
 []


Underfull \hbox (badness 10000) detected at line 59
[][]
 []


Underfull \hbox (badness 10000) detected at line 64
[][]
 []


Underfull \hbox (badness 10000) detected at line 69
[][]
 []


Underfull \hbox (badness 10000) detected at line 74
[][]
 []


Underfull \hbox (badness 10000) detected at line 79
[][]
 []

[45]
Underfull \hbox (badness 10000) detected at line 84
[][]
 []


Underfull \hbox (badness 10000) detected at line 89
[][]
 []


Underfull \hbox (badness 10000) detected at line 93
[][]
 []


Underfull \hbox (badness 10000) detected at line 101
[][]
 []


Underfull \hbox (badness 10000) detected at line 105
[][]
 []


Overfull \hbox (42.02013pt too wide) in paragraph at lines 105--109
\T1/lmtt/m/n/12 http://www.infoworld.com/d/cloud-computing/what-cloud-computing
-really-means-031\T1/lmr/m/n/12 , 
 []


Underfull \hbox (badness 10000) detected at line 110
[][]
 []


Underfull \hbox (badness 10000) detected at line 115
[][]
 []


Underfull \hbox (badness 10000) detected at line 119
[][]
 []


Underfull \hbox (badness 10000) detected at line 122
[][]
 []


Underfull \hbox (badness 10000) detected at line 126
[][]
 []


Underfull \hbox (badness 10000) detected at line 131
[][]
 []


Underfull \hbox (badness 10000) detected at line 136
[][]
 []


Underfull \hbox (badness 10000) detected at line 139
[][]
 []


Underfull \hbox (badness 10000) detected at line 144
[][]
 []


Underfull \hbox (badness 10000) detected at line 147
[][]
 []

[46]
Underfull \hbox (badness 10000) detected at line 155
[][]
 []


Overfull \hbox (11.14511pt too wide) in paragraph at lines 155--159
\T1/lmtt/m/n/12 http://www.nei.com.br/artigos/download/julho_2011_tecnologia_in
formacao.pdf\T1/lmr/m/n/12 , 
 []


Underfull \hbox (badness 10000) detected at line 160
[][]
 []


Underfull \hbox (badness 10000) detected at line 165
[][]
 []


Underfull \hbox (badness 10000) detected at line 171
[][]
 []


Underfull \hbox (badness 10000) detected at line 175
[][]
 []


Underfull \hbox (badness 10000) detected at line 178
[][]
 []

) [47] [48

] [49] [50

] 
AED: lastpage setting LastPage
[51]
(D:\Users\DV7Gray\Documents\00.TCC.ABNTex\03-UNISINOSmonografia_v0.2\TCC.Projet
oFinal.Monografia.aux)

LaTeX Warning: There were undefined references.

 ) 
Here is how much of TeX's memory you used:
 3450 strings out of 493921
 45696 string characters out of 3151284
 106371 words of memory out of 3000000
 6646 multiletter control sequences out of 15000+200000
 81797 words of font info for 53 fonts, out of 3000000 for 9000
 841 hyphenation exceptions out of 8191
 41i,9n,35p,1280b,324s stack positions out of 5000i,500n,10000p,200000b,50000s
{C:/App/MiKTeX 2.9/fonts/enc/dvips/lm/lm-mathsy.enc}{C:/App/MiKTeX 2.9/fonts/
enc/dvips/lm/lm-ec.enc}<C:/App/MiKTeX 2.9/fonts/type1/public/lm/lmbx10.pfb><C:/
App/MiKTeX 2.9/fonts/type1/public/lm/lmbx12.pfb><C:/App/MiKTeX 2.9/fonts/type1/
public/lm/lmbxi10.pfb><C:/App/MiKTeX 2.9/fonts/type1/public/lm/lmcsc10.pfb><C:/
App/MiKTeX 2.9/fonts/type1/public/lm/lmr10.pfb><C:/App/MiKTeX 2.9/fonts/type1/p
ublic/lm/lmr12.pfb><C:/App/MiKTeX 2.9/fonts/type1/public/lm/lmr6.pfb><C:/App/Mi
KTeX 2.9/fonts/type1/public/lm/lmr7.pfb><C:/App/MiKTeX 2.9/fonts/type1/public/l
m/lmr8.pfb><C:/App/MiKTeX 2.9/fonts/type1/public/lm/lmri10.pfb><C:/App/MiKTeX 2
.9/fonts/type1/public/lm/lmri12.pfb><C:/App/MiKTeX 2.9/fonts/type1/public/lm/lm
ss12.pfb><C:/App/MiKTeX 2.9/fonts/type1/public/lm/lmssbo10.pfb><C:/App/MiKTeX 2
.9/fonts/type1/public/lm/lmssbx10.pfb><C:/App/MiKTeX 2.9/fonts/type1/public/lm/
lmsso12.pfb><C:/App/MiKTeX 2.9/fonts/type1/public/lm/lmsy10.pfb><C:/App/MiKTeX 
2.9/fonts/type1/public/lm/lmsy8.pfb><C:/App/MiKTeX 2.9/fonts/type1/public/lm/lm
tt12.pfb>
Output written on TCC.ProjetoFinal.Monografia.pdf (53 pages, 1166385 bytes).
PDF statistics:
 258 PDF objects out of 1000 (max. 8388607)
 0 named destinations out of 1000 (max. 500000)
 46 words of extra memory for PDF output out of 10000 (max. 10000000)

